2026-05-28 17:08:18 - INFO - Logger file is running successfully
2026-05-28 17:08:19 - INFO - Initiating Data Ingestion
2026-05-28 17:08:24 - INFO - Performed train test split on dataframe
2026-05-28 17:08:25 - INFO - Exported train and test files
2026-05-28 17:08:25 - INFO - Data Ingestion Completed
2026-05-28 17:08:25 - INFO - Initiating Data Validation
2026-05-28 17:08:25 - INFO - Required number of columns:2
2026-05-28 17:08:25 - INFO - Data frame has columns:31
2026-05-28 17:08:25 - INFO - Required number of columns:2
2026-05-28 17:08:25 - INFO - Data frame has columns:31
2026-05-28 17:08:25 - INFO - Data Validation Completed
2026-05-28 17:08:25 - INFO - Initiating Data Transformation
2026-05-28 17:08:25 - INFO - Entered the save_object method of MainUtils class
2026-05-28 17:08:25 - INFO - Exited the save_object method of MainUtils class
2026-05-28 17:08:25 - INFO - Data Transformation Artifact: DataTransformationArtifact(transformed_object_file_path='artifacts/05_28_2026_17_08_19/data_transformation/transformed_object/preprocessor.pkl', transformed_train_file_path='artifacts/05_28_2026_17_08_19/data_transformation/transformed/train.npy', transformed_test_file_path='artifacts/05_28_2026_17_08_19/data_transformation/transformed/test.npy')
2026-05-28 17:08:25 - INFO - Data Transformation Completed
2026-05-28 17:08:25 - INFO - Initiating Model Training
2026-05-28 17:09:26 - INFO - Entered the save_object method of MainUtils class
2026-05-28 17:09:26 - INFO - Exited the save_object method of MainUtils class
2026-05-28 17:09:26 - INFO - Entered the save_object method of MainUtils class
2026-05-28 17:09:26 - INFO - Exited the save_object method of MainUtils class
2026-05-28 17:09:26 - INFO - Model Trainer Artifact: ModelTrainerArtifact(trained_model_file_path='artifacts/05_28_2026_17_08_19/model_trainer/trained_model/model.pkl', train_metric_artifact=ClassificationMetricArtifact(f1_score=0.9909900789633529, precision_score=0.9897876643073812, recall_score=0.9921954186093654), test_metric_artifact=ClassificationMetricArtifact(f1_score=0.985702614379085, precision_score=0.985702614379085, recall_score=0.985702614379085))
2026-05-28 17:09:26 - INFO - Model Training Completed
