2026-05-28 17:08:55 - INFO - Logger file is running successfully
2026-05-28 17:08:56 - INFO - Initiating Data Ingestion
2026-05-28 17:09:01 - INFO - Performed train test split on dataframe
2026-05-28 17:09:01 - INFO - Exported train and test files
2026-05-28 17:09:01 - INFO - Data Ingestion Completed
2026-05-28 17:09:01 - INFO - Initiating Data Validation
2026-05-28 17:09:01 - INFO - Required number of columns:2
2026-05-28 17:09:01 - INFO - Data frame has columns:31
2026-05-28 17:09:01 - INFO - Required number of columns:2
2026-05-28 17:09:01 - INFO - Data frame has columns:31
2026-05-28 17:09:01 - INFO - Data Validation Completed
2026-05-28 17:09:01 - INFO - Initiating Data Transformation
2026-05-28 17:09:01 - INFO - Entered the save_object method of MainUtils class
2026-05-28 17:09:01 - INFO - Exited the save_object method of MainUtils class
2026-05-28 17:09:01 - INFO - Data Transformation Artifact: DataTransformationArtifact(transformed_object_file_path='artifacts/05_28_2026_17_08_55/data_transformation/transformed_object/preprocessor.pkl', transformed_train_file_path='artifacts/05_28_2026_17_08_55/data_transformation/transformed/train.npy', transformed_test_file_path='artifacts/05_28_2026_17_08_55/data_transformation/transformed/test.npy')
2026-05-28 17:09:01 - INFO - Data Transformation Completed
2026-05-28 17:09:01 - INFO - Initiating Model Training
2026-05-28 17:10:03 - INFO - Entered the save_object method of MainUtils class
2026-05-28 17:10:03 - INFO - Exited the save_object method of MainUtils class
2026-05-28 17:10:03 - INFO - Entered the save_object method of MainUtils class
2026-05-28 17:10:03 - INFO - Exited the save_object method of MainUtils class
2026-05-28 17:10:03 - INFO - Model Trainer Artifact: ModelTrainerArtifact(trained_model_file_path='artifacts/05_28_2026_17_08_55/model_trainer/trained_model/model.pkl', train_metric_artifact=ClassificationMetricArtifact(f1_score=0.9914347980335513, precision_score=0.9891788025889967, recall_score=0.9937011073859595), test_metric_artifact=ClassificationMetricArtifact(f1_score=0.9860521528198909, precision_score=0.9850565428109854, recall_score=0.9870497774180493))
2026-05-28 17:10:03 - INFO - Model Training Completed
